<?xml version="1.0" encoding="UTF-8"?>
<Site BuildName="(empty)"
	BuildStamp="20240908-0942-Experimental"
	Name="robat-ubuntu-20"
	Generator="ctest-3.16.3"
	CompilerName="/usr/bin/c++"
	CompilerVersion="9.4.0"
	OSName="Linux"
	Hostname="robat-ubuntu-20"
	OSRelease="5.15.0-119-generic"
	OSVersion="#129~20.04.1-Ubuntu SMP Wed Aug 7 13:07:13 UTC 2024"
	OSPlatform="x86_64"
	Is64Bits="1"
	VendorString="AuthenticAMD"
	VendorID="Advanced Micro Devices"
	FamilyID="25"
	ModelID="97"
	ProcessorCacheSize="1024"
	NumberOfLogicalCPU="16"
	NumberOfPhysicalCPU="8"
	TotalVirtualMemory="2047"
	TotalPhysicalMemory="31286"
	LogicalProcessorsPerPhysical="2"
	ProcessorClockFrequency="4709.74"
	>
	<Testing>
		<StartDateTime>Sep 08 11:42 CEST</StartDateTime>
		<StartTestTime>1725788572</StartTestTime>
		<TestList/>
		<EndDateTime>Sep 08 11:42 CEST</EndDateTime>
		<EndTestTime>1725788572</EndTestTime>
		<ElapsedMinutes>0</ElapsedMinutes>
	</Testing>
</Site>
